<?xml version="1.0" encoding="UTF-8"?>
<testsuite xmlns:xsi="http://www.w3.org/2001/XMLSchema-instance" xsi:schemaLocation="https://maven.apache.org/surefire/maven-surefire-plugin/xsd/surefire-test-report.xsd" name="gskela.vendingmachine.dao.VendingMachineDaoFileImplTest" time="0.026" tests="3" errors="0" skipped="0" failures="0">
  <properties>
[...]
</properties>
  <testcase name="testVendingItem" classname="gskela.vendingmachine.dao.VendingMachineDaoFileImplTest" time="0.023"/>
  <testcase name="testLoadReadAllSlots" classname="gskela.vendingmachine.dao.VendingMachineDaoFileImplTest" time="0.002"/>
  <testcase name="testLoadGetSlotInfo" classname="gskela.vendingmachine.dao.VendingMachineDaoFileImplTest" time="0"/>
</testsuite>